-------------------------------------------------------------------------------
Test set: com.mariacruz.foot.pdv.Rnf09Rnf10PersistenciaFalhasRedTest
-------------------------------------------------------------------------------
Tests run: 5, Failures: 0, Errors: 5, Skipped: 0, Time elapsed: 0.027 s <<< FAILURE! -- in com.mariacruz.foot.pdv.Rnf09Rnf10PersistenciaFalhasRedTest
com.mariacruz.foot.pdv.Rnf09Rnf10PersistenciaFalhasRedTest.rnf09_feliz_vendaConfirmadaPermaneceDisponivelNasConsultas -- Time elapsed: 0.005 s <<< ERROR!
java.lang.UnsupportedOperationException: RED: CatalogoPrecos.totalRevisadoDe não implementado
	at com.mariacruz.foot.pdv.CatalogoPrecos.totalRevisadoDe(CatalogoPrecos.java:20)
	at com.mariacruz.foot.pdv.Rnf09Rnf10PersistenciaFalhasRedTest.rnf09_feliz_vendaConfirmadaPermaneceDisponivelNasConsultas(Rnf09Rnf10PersistenciaFalhasRedTest.java:25)
	at java.base/java.lang.reflect.Method.invoke(Method.java:565)
	at java.base/java.util.ArrayList.forEach(ArrayList.java:1604)
	at java.base/java.util.ArrayList.forEach(ArrayList.java:1604)

com.mariacruz.foot.pdv.Rnf09Rnf10PersistenciaFalhasRedTest.rnf09_estadoProibido_vendaConfirmadaPerdidaFalha -- Time elapsed: 0.001 s <<< ERROR!
java.lang.UnsupportedOperationException: RED: CatalogoPrecos.totalRevisadoDe não implementado
	at com.mariacruz.foot.pdv.CatalogoPrecos.totalRevisadoDe(CatalogoPrecos.java:20)
	at com.mariacruz.foot.pdv.Rnf09Rnf10PersistenciaFalhasRedTest.rnf09_estadoProibido_vendaConfirmadaPerdidaFalha(Rnf09Rnf10PersistenciaFalhasRedTest.java:55)
	at java.base/java.lang.reflect.Method.invoke(Method.java:565)
	at java.base/java.util.ArrayList.forEach(ArrayList.java:1604)
	at java.base/java.util.ArrayList.forEach(ArrayList.java:1604)

com.mariacruz.foot.pdv.Rnf09Rnf10PersistenciaFalhasRedTest.rnf10_limite_falhaDeComunicacaoInformaFalhaSemFalsaConclusao -- Time elapsed: 0.004 s <<< ERROR!
java.lang.UnsupportedOperationException: RED: RegistroVendas.buscarPorId não implementado
	at com.mariacruz.foot.pdv.RegistroVendas.buscarPorId(RegistroVendas.java:18)
	at com.mariacruz.foot.pdv.Rnf09Rnf10PersistenciaFalhasRedTest.rnf10_limite_falhaDeComunicacaoInformaFalhaSemFalsaConclusao(Rnf09Rnf10PersistenciaFalhasRedTest.java:35)
	at java.base/java.lang.reflect.Method.invoke(Method.java:565)
	at java.base/java.util.ArrayList.forEach(ArrayList.java:1604)
	at java.base/java.util.ArrayList.forEach(ArrayList.java:1604)

com.mariacruz.foot.pdv.Rnf09Rnf10PersistenciaFalhasRedTest.rnf10_estadoProibido_falsaConfirmacaoFalha -- Time elapsed: 0.001 s <<< ERROR!
java.lang.UnsupportedOperationException: RED: RegistroVendas.consultarTodas não implementado
	at com.mariacruz.foot.pdv.RegistroVendas.consultarTodas(RegistroVendas.java:22)
	at com.mariacruz.foot.pdv.Rnf09Rnf10PersistenciaFalhasRedTest.rnf10_estadoProibido_falsaConfirmacaoFalha(Rnf09Rnf10PersistenciaFalhasRedTest.java:66)
	at java.base/java.lang.reflect.Method.invoke(Method.java:565)
	at java.base/java.util.ArrayList.forEach(ArrayList.java:1604)
	at java.base/java.util.ArrayList.forEach(ArrayList.java:1604)

com.mariacruz.foot.pdv.Rnf09Rnf10PersistenciaFalhasRedTest.rnf10_conflito_falharFechadoSemOperarOffline -- Time elapsed: 0.006 s <<< ERROR!
java.lang.UnsupportedOperationException: RED: CatalogoPrecos.totalRevisadoDe não implementado
	at com.mariacruz.foot.pdv.CatalogoPrecos.totalRevisadoDe(CatalogoPrecos.java:20)
	at com.mariacruz.foot.pdv.Rnf09Rnf10PersistenciaFalhasRedTest.rnf10_conflito_falharFechadoSemOperarOffline(Rnf09Rnf10PersistenciaFalhasRedTest.java:45)
	at java.base/java.lang.reflect.Method.invoke(Method.java:565)
	at java.base/java.util.ArrayList.forEach(ArrayList.java:1604)
	at java.base/java.util.ArrayList.forEach(ArrayList.java:1604)

