<?xml version="1.0" encoding="UTF-8"?>
<testsuite xmlns:xsi="http://www.w3.org/2001/XMLSchema-instance" xsi:noNamespaceSchemaLocation="https://maven.apache.org/surefire/maven-surefire-plugin/xsd/surefire-test-report.xsd" version="3.0.2" name="com.mariacruz.foot.pdv.Rn06RetiradaRedTest" time="0.09" tests="7" errors="7" skipped="0" failures="0">
  <properties>
[...]
</properties>
  <testcase name="rn06_limite_confirmacaoImediataAposEntregaPermiteBaixa" classname="com.mariacruz.foot.pdv.Rn06RetiradaRedTest" time="0.013">
    <error message="RED: AtendimentoEncomendas.localizarPorQr não implementado" type="java.lang.UnsupportedOperationException"><![CDATA[java.lang.UnsupportedOperationException: RED: AtendimentoEncomendas.localizarPorQr não implementado
	at com.mariacruz.foot.pdv.AtendimentoEncomendas.localizarPorQr(AtendimentoEncomendas.java:12)
	at com.mariacruz.foot.pdv.Rn06RetiradaRedTest.rn06_limite_confirmacaoImediataAposEntregaPermiteBaixa(Rn06RetiradaRedTest.java:30)
	at java.base/java.lang.reflect.Method.invoke(Method.java:565)
	at java.base/java.util.ArrayList.forEach(ArrayList.java:1604)
	at java.base/java.util.ArrayList.forEach(ArrayList.java:1604)
]]></error>
  </testcase>
  <testcase name="rn06_estadoProibido_encomendaJaRealizadaNaoRecebeNovaBaixa" classname="com.mariacruz.foot.pdv.Rn06RetiradaRedTest" time="0.003">
    <error message="RED: AtendimentoEncomendas.localizarPorQr não implementado" type="java.lang.UnsupportedOperationException"><![CDATA[java.lang.UnsupportedOperationException: RED: AtendimentoEncomendas.localizarPorQr não implementado
	at com.mariacruz.foot.pdv.AtendimentoEncomendas.localizarPorQr(AtendimentoEncomendas.java:12)
	at com.mariacruz.foot.pdv.Rn06RetiradaRedTest.rn06_estadoProibido_encomendaJaRealizadaNaoRecebeNovaBaixa(Rn06RetiradaRedTest.java:88)
	at java.base/java.lang.reflect.Method.invoke(Method.java:565)
	at java.base/java.util.ArrayList.forEach(ArrayList.java:1604)
	at java.base/java.util.ArrayList.forEach(ArrayList.java:1604)
]]></error>
  </testcase>
  <testcase name="rn06_conflito_duasTentativasDeBaixaNaoGeramDuasBaixas" classname="com.mariacruz.foot.pdv.Rn06RetiradaRedTest" time="0.005">
    <error message="RED: AtendimentoEncomendas.localizarPorQr não implementado" type="java.lang.UnsupportedOperationException"><![CDATA[java.lang.UnsupportedOperationException: RED: AtendimentoEncomendas.localizarPorQr não implementado
	at com.mariacruz.foot.pdv.AtendimentoEncomendas.localizarPorQr(AtendimentoEncomendas.java:12)
	at com.mariacruz.foot.pdv.Rn06RetiradaRedTest.rn06_conflito_duasTentativasDeBaixaNaoGeramDuasBaixas(Rn06RetiradaRedTest.java:63)
	at java.base/java.lang.reflect.Method.invoke(Method.java:565)
	at java.base/java.util.ArrayList.forEach(ArrayList.java:1604)
	at java.base/java.util.ArrayList.forEach(ArrayList.java:1604)
]]></error>
  </testcase>
  <testcase name="rn06_feliz_localizaConfereEntregaEConfirmaMarcaRealizada" classname="com.mariacruz.foot.pdv.Rn06RetiradaRedTest" time="0.004">
    <error message="RED: AtendimentoEncomendas.localizarPorQr não implementado" type="java.lang.UnsupportedOperationException"><![CDATA[java.lang.UnsupportedOperationException: RED: AtendimentoEncomendas.localizarPorQr não implementado
	at com.mariacruz.foot.pdv.AtendimentoEncomendas.localizarPorQr(AtendimentoEncomendas.java:12)
	at com.mariacruz.foot.pdv.Rn06RetiradaRedTest.rn06_feliz_localizaConfereEntregaEConfirmaMarcaRealizada(Rn06RetiradaRedTest.java:18)
	at java.base/java.lang.reflect.Method.invoke(Method.java:565)
	at java.base/java.util.ArrayList.forEach(ArrayList.java:1604)
	at java.base/java.util.ArrayList.forEach(ArrayList.java:1604)
]]></error>
  </testcase>
  <testcase name="rn06_estadoProibido_realizadaSemConferenciaEEntregaEProibida" classname="com.mariacruz.foot.pdv.Rn06RetiradaRedTest" time="0.009">
    <error message="RED: AtendimentoEncomendas.localizarPorQr não implementado" type="java.lang.UnsupportedOperationException"><![CDATA[java.lang.UnsupportedOperationException: RED: AtendimentoEncomendas.localizarPorQr não implementado
	at com.mariacruz.foot.pdv.AtendimentoEncomendas.localizarPorQr(AtendimentoEncomendas.java:12)
	at com.mariacruz.foot.pdv.Rn06RetiradaRedTest.rn06_estadoProibido_realizadaSemConferenciaEEntregaEProibida(Rn06RetiradaRedTest.java:77)
	at java.base/java.lang.reflect.Method.invoke(Method.java:565)
	at java.base/java.util.ArrayList.forEach(ArrayList.java:1604)
	at java.base/java.util.ArrayList.forEach(ArrayList.java:1604)
]]></error>
  </testcase>
  <testcase name="rn06_invalida_baixaAntesDaConferenciaExigeConferencia" classname="com.mariacruz.foot.pdv.Rn06RetiradaRedTest" time="0.005">
    <error message="RED: AtendimentoEncomendas.localizarPorQr não implementado" type="java.lang.UnsupportedOperationException"><![CDATA[java.lang.UnsupportedOperationException: RED: AtendimentoEncomendas.localizarPorQr não implementado
	at com.mariacruz.foot.pdv.AtendimentoEncomendas.localizarPorQr(AtendimentoEncomendas.java:12)
	at com.mariacruz.foot.pdv.Rn06RetiradaRedTest.rn06_invalida_baixaAntesDaConferenciaExigeConferencia(Rn06RetiradaRedTest.java:41)
	at java.base/java.lang.reflect.Method.invoke(Method.java:565)
	at java.base/java.util.ArrayList.forEach(ArrayList.java:1604)
	at java.base/java.util.ArrayList.forEach(ArrayList.java:1604)
]]></error>
  </testcase>
  <testcase name="rn06_invalida_baixaAntesDaEntregaNaoMarcaRealizada" classname="com.mariacruz.foot.pdv.Rn06RetiradaRedTest" time="0.006">
    <error message="RED: AtendimentoEncomendas.localizarPorQr não implementado" type="java.lang.UnsupportedOperationException"><![CDATA[java.lang.UnsupportedOperationException: RED: AtendimentoEncomendas.localizarPorQr não implementado
	at com.mariacruz.foot.pdv.AtendimentoEncomendas.localizarPorQr(AtendimentoEncomendas.java:12)
	at com.mariacruz.foot.pdv.Rn06RetiradaRedTest.rn06_invalida_baixaAntesDaEntregaNaoMarcaRealizada(Rn06RetiradaRedTest.java:51)
	at java.base/java.lang.reflect.Method.invoke(Method.java:565)
	at java.base/java.util.ArrayList.forEach(ArrayList.java:1604)
	at java.base/java.util.ArrayList.forEach(ArrayList.java:1604)
]]></error>
  </testcase>
</testsuite>