<?xml version="1.0" encoding="UTF-8"?>
<testsuite xmlns:xsi="http://www.w3.org/2001/XMLSchema-instance" xsi:noNamespaceSchemaLocation="https://maven.apache.org/surefire/maven-surefire-plugin/xsd/surefire-test-report.xsd" version="3.0.2" name="com.mariacruz.foot.pdv.Rnf09Rnf10PersistenciaFalhasRedTest" time="0.027" tests="5" errors="5" skipped="0" failures="0">
  <properties>
[...]
</properties>
  <testcase name="rnf09_feliz_vendaConfirmadaPermaneceDisponivelNasConsultas" classname="com.mariacruz.foot.pdv.Rnf09Rnf10PersistenciaFalhasRedTest" time="0.005">
    <error message="RED: CatalogoPrecos.totalRevisadoDe não implementado" type="java.lang.UnsupportedOperationException"><![CDATA[java.lang.UnsupportedOperationException: RED: CatalogoPrecos.totalRevisadoDe não implementado
	at com.mariacruz.foot.pdv.CatalogoPrecos.totalRevisadoDe(CatalogoPrecos.java:20)
	at com.mariacruz.foot.pdv.Rnf09Rnf10PersistenciaFalhasRedTest.rnf09_feliz_vendaConfirmadaPermaneceDisponivelNasConsultas(Rnf09Rnf10PersistenciaFalhasRedTest.java:25)
	at java.base/java.lang.reflect.Method.invoke(Method.java:565)
	at java.base/java.util.ArrayList.forEach(ArrayList.java:1604)
	at java.base/java.util.ArrayList.forEach(ArrayList.java:1604)
]]></error>
  </testcase>
  <testcase name="rnf09_estadoProibido_vendaConfirmadaPerdidaFalha" classname="com.mariacruz.foot.pdv.Rnf09Rnf10PersistenciaFalhasRedTest" time="0.001">
    <error message="RED: CatalogoPrecos.totalRevisadoDe não implementado" type="java.lang.UnsupportedOperationException"><![CDATA[java.lang.UnsupportedOperationException: RED: CatalogoPrecos.totalRevisadoDe não implementado
	at com.mariacruz.foot.pdv.CatalogoPrecos.totalRevisadoDe(CatalogoPrecos.java:20)
	at com.mariacruz.foot.pdv.Rnf09Rnf10PersistenciaFalhasRedTest.rnf09_estadoProibido_vendaConfirmadaPerdidaFalha(Rnf09Rnf10PersistenciaFalhasRedTest.java:55)
	at java.base/java.lang.reflect.Method.invoke(Method.java:565)
	at java.base/java.util.ArrayList.forEach(ArrayList.java:1604)
	at java.base/java.util.ArrayList.forEach(ArrayList.java:1604)
]]></error>
  </testcase>
  <testcase name="rnf10_limite_falhaDeComunicacaoInformaFalhaSemFalsaConclusao" classname="com.mariacruz.foot.pdv.Rnf09Rnf10PersistenciaFalhasRedTest" time="0.004">
    <error message="RED: RegistroVendas.buscarPorId não implementado" type="java.lang.UnsupportedOperationException"><![CDATA[java.lang.UnsupportedOperationException: RED: RegistroVendas.buscarPorId não implementado
	at com.mariacruz.foot.pdv.RegistroVendas.buscarPorId(RegistroVendas.java:18)
	at com.mariacruz.foot.pdv.Rnf09Rnf10PersistenciaFalhasRedTest.rnf10_limite_falhaDeComunicacaoInformaFalhaSemFalsaConclusao(Rnf09Rnf10PersistenciaFalhasRedTest.java:35)
	at java.base/java.lang.reflect.Method.invoke(Method.java:565)
	at java.base/java.util.ArrayList.forEach(ArrayList.java:1604)
	at java.base/java.util.ArrayList.forEach(ArrayList.java:1604)
]]></error>
  </testcase>
  <testcase name="rnf10_estadoProibido_falsaConfirmacaoFalha" classname="com.mariacruz.foot.pdv.Rnf09Rnf10PersistenciaFalhasRedTest" time="0.001">
    <error message="RED: RegistroVendas.consultarTodas não implementado" type="java.lang.UnsupportedOperationException"><![CDATA[java.lang.UnsupportedOperationException: RED: RegistroVendas.consultarTodas não implementado
	at com.mariacruz.foot.pdv.RegistroVendas.consultarTodas(RegistroVendas.java:22)
	at com.mariacruz.foot.pdv.Rnf09Rnf10PersistenciaFalhasRedTest.rnf10_estadoProibido_falsaConfirmacaoFalha(Rnf09Rnf10PersistenciaFalhasRedTest.java:66)
	at java.base/java.lang.reflect.Method.invoke(Method.java:565)
	at java.base/java.util.ArrayList.forEach(ArrayList.java:1604)
	at java.base/java.util.ArrayList.forEach(ArrayList.java:1604)
]]></error>
  </testcase>
  <testcase name="rnf10_conflito_falharFechadoSemOperarOffline" classname="com.mariacruz.foot.pdv.Rnf09Rnf10PersistenciaFalhasRedTest" time="0.006">
    <error message="RED: CatalogoPrecos.totalRevisadoDe não implementado" type="java.lang.UnsupportedOperationException"><![CDATA[java.lang.UnsupportedOperationException: RED: CatalogoPrecos.totalRevisadoDe não implementado
	at com.mariacruz.foot.pdv.CatalogoPrecos.totalRevisadoDe(CatalogoPrecos.java:20)
	at com.mariacruz.foot.pdv.Rnf09Rnf10PersistenciaFalhasRedTest.rnf10_conflito_falharFechadoSemOperarOffline(Rnf09Rnf10PersistenciaFalhasRedTest.java:45)
	at java.base/java.lang.reflect.Method.invoke(Method.java:565)
	at java.base/java.util.ArrayList.forEach(ArrayList.java:1604)
	at java.base/java.util.ArrayList.forEach(ArrayList.java:1604)
]]></error>
  </testcase>
</testsuite>