<?xml version="1.0" encoding="UTF-8"?>
<testsuite xmlns:xsi="http://www.w3.org/2001/XMLSchema-instance" xsi:noNamespaceSchemaLocation="https://maven.apache.org/surefire/maven-surefire-plugin/xsd/surefire-test-report.xsd" version="3.0.2" name="com.mariacruz.foot.pdv.Rnf02IntegridadeRegistroRedTest" time="0.071" tests="6" errors="6" skipped="0" failures="0">
  <properties>
[...]
</properties>
  <testcase name="rnf02_limite_vendaDeUmItemComQuantidadeCorreta" classname="com.mariacruz.foot.pdv.Rnf02IntegridadeRegistroRedTest" time="0.014">
    <error message="RED: CatalogoPrecos.totalRevisadoDe não implementado" type="java.lang.UnsupportedOperationException"><![CDATA[java.lang.UnsupportedOperationException: RED: CatalogoPrecos.totalRevisadoDe não implementado
	at com.mariacruz.foot.pdv.CatalogoPrecos.totalRevisadoDe(CatalogoPrecos.java:20)
	at com.mariacruz.foot.pdv.Rnf02IntegridadeRegistroRedTest.rnf02_limite_vendaDeUmItemComQuantidadeCorreta(Rnf02IntegridadeRegistroRedTest.java:36)
	at java.base/java.lang.reflect.Method.invoke(Method.java:565)
	at java.base/java.util.ArrayList.forEach(ArrayList.java:1604)
	at java.base/java.util.ArrayList.forEach(ArrayList.java:1604)
]]></error>
  </testcase>
  <testcase name="rnf02_estadoProibido_registroConfirmadoDuplicadoFalha" classname="com.mariacruz.foot.pdv.Rnf02IntegridadeRegistroRedTest" time="0.008">
    <error message="RED: CatalogoPrecos.totalRevisadoDe não implementado" type="java.lang.UnsupportedOperationException"><![CDATA[java.lang.UnsupportedOperationException: RED: CatalogoPrecos.totalRevisadoDe não implementado
	at com.mariacruz.foot.pdv.CatalogoPrecos.totalRevisadoDe(CatalogoPrecos.java:20)
	at com.mariacruz.foot.pdv.Rnf02IntegridadeRegistroRedTest.rnf02_estadoProibido_registroConfirmadoDuplicadoFalha(Rnf02IntegridadeRegistroRedTest.java:79)
	at java.base/java.lang.reflect.Method.invoke(Method.java:565)
	at java.base/java.util.ArrayList.forEach(ArrayList.java:1604)
	at java.base/java.util.ArrayList.forEach(ArrayList.java:1604)
]]></error>
  </testcase>
  <testcase name="rnf02_limite_vendaDeVariosItensComQuantidadesCorretas" classname="com.mariacruz.foot.pdv.Rnf02IntegridadeRegistroRedTest" time="0.007">
    <error message="RED: CatalogoPrecos.totalRevisadoDe não implementado" type="java.lang.UnsupportedOperationException"><![CDATA[java.lang.UnsupportedOperationException: RED: CatalogoPrecos.totalRevisadoDe não implementado
	at com.mariacruz.foot.pdv.CatalogoPrecos.totalRevisadoDe(CatalogoPrecos.java:20)
	at com.mariacruz.foot.pdv.Rnf02IntegridadeRegistroRedTest.rnf02_limite_vendaDeVariosItensComQuantidadesCorretas(Rnf02IntegridadeRegistroRedTest.java:48)
	at java.base/java.lang.reflect.Method.invoke(Method.java:565)
	at java.base/java.util.ArrayList.forEach(ArrayList.java:1604)
	at java.base/java.util.ArrayList.forEach(ArrayList.java:1604)
]]></error>
  </testcase>
  <testcase name="rnf02_feliz_vendaConfirmadaApareceEmTotalProdutoEForma" classname="com.mariacruz.foot.pdv.Rnf02IntegridadeRegistroRedTest" time="0.001">
    <error message="RED: CatalogoPrecos.totalRevisadoDe não implementado" type="java.lang.UnsupportedOperationException"><![CDATA[java.lang.UnsupportedOperationException: RED: CatalogoPrecos.totalRevisadoDe não implementado
	at com.mariacruz.foot.pdv.CatalogoPrecos.totalRevisadoDe(CatalogoPrecos.java:20)
	at com.mariacruz.foot.pdv.Rnf02IntegridadeRegistroRedTest.rnf02_feliz_vendaConfirmadaApareceEmTotalProdutoEForma(Rnf02IntegridadeRegistroRedTest.java:24)
	at java.base/java.lang.reflect.Method.invoke(Method.java:565)
	at java.base/java.util.ArrayList.forEach(ArrayList.java:1604)
	at java.base/java.util.ArrayList.forEach(ArrayList.java:1604)
]]></error>
  </testcase>
  <testcase name="rnf02_invalida_falhaAntesDeConfirmarNaoApareceComoConfirmada" classname="com.mariacruz.foot.pdv.Rnf02IntegridadeRegistroRedTest" time="0.01">
    <error message="RED: RegistroVendas.buscarPorId não implementado" type="java.lang.UnsupportedOperationException"><![CDATA[java.lang.UnsupportedOperationException: RED: RegistroVendas.buscarPorId não implementado
	at com.mariacruz.foot.pdv.RegistroVendas.buscarPorId(RegistroVendas.java:18)
	at com.mariacruz.foot.pdv.Rnf02IntegridadeRegistroRedTest.rnf02_invalida_falhaAntesDeConfirmarNaoApareceComoConfirmada(Rnf02IntegridadeRegistroRedTest.java:58)
	at java.base/java.lang.reflect.Method.invoke(Method.java:565)
	at java.base/java.util.ArrayList.forEach(ArrayList.java:1604)
	at java.base/java.util.ArrayList.forEach(ArrayList.java:1604)
]]></error>
  </testcase>
  <testcase name="rnf02_estadoProibido_registroConfirmadoAusenteFalha" classname="com.mariacruz.foot.pdv.Rnf02IntegridadeRegistroRedTest" time="0.003">
    <error message="RED: CatalogoPrecos.totalRevisadoDe não implementado" type="java.lang.UnsupportedOperationException"><![CDATA[java.lang.UnsupportedOperationException: RED: CatalogoPrecos.totalRevisadoDe não implementado
	at com.mariacruz.foot.pdv.CatalogoPrecos.totalRevisadoDe(CatalogoPrecos.java:20)
	at com.mariacruz.foot.pdv.Rnf02IntegridadeRegistroRedTest.rnf02_estadoProibido_registroConfirmadoAusenteFalha(Rnf02IntegridadeRegistroRedTest.java:67)
	at java.base/java.lang.reflect.Method.invoke(Method.java:565)
	at java.base/java.util.ArrayList.forEach(ArrayList.java:1604)
	at java.base/java.util.ArrayList.forEach(ArrayList.java:1604)
]]></error>
  </testcase>
</testsuite>