<?xml version="1.0" encoding="UTF-8"?>
<testsuite xmlns:xsi="http://www.w3.org/2001/XMLSchema-instance" xsi:noNamespaceSchemaLocation="https://maven.apache.org/surefire/maven-surefire-plugin/xsd/surefire-test-report.xsd" version="3.0.2" name="com.mariacruz.foot.pdv.Rn03PixExternoRedTest" time="0.064" tests="5" errors="5" skipped="0" failures="0">
  <properties>
[...]
</properties>
  <testcase name="rn03_limite_confirmacaoAntesDoRegistroPermiteRegistrarDepois" classname="com.mariacruz.foot.pdv.Rn03PixExternoRedTest" time="0.009">
    <error message="RED: PagamentoPix.confirmacaoExternaRecebida não implementado" type="java.lang.UnsupportedOperationException"><![CDATA[java.lang.UnsupportedOperationException: RED: PagamentoPix.confirmacaoExternaRecebida não implementado
	at com.mariacruz.foot.pdv.PagamentoPix.confirmacaoExternaRecebida(PagamentoPix.java:12)
	at com.mariacruz.foot.pdv.Rn03PixExternoRedTest.rn03_limite_confirmacaoAntesDoRegistroPermiteRegistrarDepois(Rn03PixExternoRedTest.java:39)
	at java.base/java.lang.reflect.Method.invoke(Method.java:565)
	at java.base/java.util.ArrayList.forEach(ArrayList.java:1604)
	at java.base/java.util.ArrayList.forEach(ArrayList.java:1604)
]]></error>
  </testcase>
  <testcase name="rn03_invalida_semConfirmacaoExternaNaoRegistraComoConfirmado" classname="com.mariacruz.foot.pdv.Rn03PixExternoRedTest" time="0.006">
    <error message="RED: PagamentoPix.registrarSemSubstituirMaquininha não implementado" type="java.lang.UnsupportedOperationException"><![CDATA[java.lang.UnsupportedOperationException: RED: PagamentoPix.registrarSemSubstituirMaquininha não implementado
	at com.mariacruz.foot.pdv.PagamentoPix.registrarSemSubstituirMaquininha(PagamentoPix.java:24)
	at com.mariacruz.foot.pdv.Rn03PixExternoRedTest.rn03_invalida_semConfirmacaoExternaNaoRegistraComoConfirmado(Rn03PixExternoRedTest.java:52)
	at java.base/java.lang.reflect.Method.invoke(Method.java:565)
	at java.base/java.util.ArrayList.forEach(ArrayList.java:1604)
	at java.base/java.util.ArrayList.forEach(ArrayList.java:1604)
]]></error>
  </testcase>
  <testcase name="rn03_conflito_pdvNaoSubstituiValidacaoExterna" classname="com.mariacruz.foot.pdv.Rn03PixExternoRedTest" time="0.006">
    <error message="RED: PagamentoPix.registrarSemSubstituirMaquininha não implementado" type="java.lang.UnsupportedOperationException"><![CDATA[java.lang.UnsupportedOperationException: RED: PagamentoPix.registrarSemSubstituirMaquininha não implementado
	at com.mariacruz.foot.pdv.PagamentoPix.registrarSemSubstituirMaquininha(PagamentoPix.java:24)
	at com.mariacruz.foot.pdv.Rn03PixExternoRedTest.rn03_conflito_pdvNaoSubstituiValidacaoExterna(Rn03PixExternoRedTest.java:62)
	at java.base/java.lang.reflect.Method.invoke(Method.java:565)
	at java.base/java.util.ArrayList.forEach(ArrayList.java:1604)
	at java.base/java.util.ArrayList.forEach(ArrayList.java:1604)
]]></error>
  </testcase>
  <testcase name="rn03_feliz_confirmacaoExternaPermiteProsseguirRegistro" classname="com.mariacruz.foot.pdv.Rn03PixExternoRedTest" time="0.004">
    <error message="RED: PagamentoPix.podeRegistrarVenda não implementado" type="java.lang.UnsupportedOperationException"><![CDATA[java.lang.UnsupportedOperationException: RED: PagamentoPix.podeRegistrarVenda não implementado
	at com.mariacruz.foot.pdv.PagamentoPix.podeRegistrarVenda(PagamentoPix.java:16)
	at com.mariacruz.foot.pdv.Rn03PixExternoRedTest.rn03_feliz_confirmacaoExternaPermiteProsseguirRegistro(Rn03PixExternoRedTest.java:25)
	at java.base/java.lang.reflect.Method.invoke(Method.java:565)
	at java.base/java.util.ArrayList.forEach(ArrayList.java:1604)
	at java.base/java.util.ArrayList.forEach(ArrayList.java:1604)
]]></error>
  </testcase>
  <testcase name="rn03_estadoProibido_pixSemConfirmacaoNaoEApresentadoComoConcluido" classname="com.mariacruz.foot.pdv.Rn03PixExternoRedTest" time="0.006">
    <error message="RED: PagamentoPix.registrarSemSubstituirMaquininha não implementado" type="java.lang.UnsupportedOperationException"><![CDATA[java.lang.UnsupportedOperationException: RED: PagamentoPix.registrarSemSubstituirMaquininha não implementado
	at com.mariacruz.foot.pdv.PagamentoPix.registrarSemSubstituirMaquininha(PagamentoPix.java:24)
	at com.mariacruz.foot.pdv.Rn03PixExternoRedTest.rn03_estadoProibido_pixSemConfirmacaoNaoEApresentadoComoConcluido(Rn03PixExternoRedTest.java:72)
	at java.base/java.lang.reflect.Method.invoke(Method.java:565)
	at java.base/java.util.ArrayList.forEach(ArrayList.java:1604)
	at java.base/java.util.ArrayList.forEach(ArrayList.java:1604)
]]></error>
  </testcase>
</testsuite>